2026-06-02 05:42:22.814 [info] [main] Log level: Info
2026-06-02 05:42:22.814 [info] [main] Validating found git in: "git"
2026-06-02 05:42:22.814 [info] [main] Using git "2.54.0" from "git"
2026-06-02 05:42:22.814 [info] [Model][doInitialScan] Initial repository scan started
2026-06-02 05:42:22.814 [info] > git rev-parse --show-toplevel [41ms]
2026-06-02 05:42:22.814 [info] fatal: not a git repository (or any parent up to mount point /)
Stopping at filesystem boundary (GIT_DISCOVERY_ACROSS_FILESYSTEM not set).
2026-06-02 05:42:22.815 [info] > git rev-parse --show-toplevel [6ms]
2026-06-02 05:42:22.815 [info] fatal: not a git repository (or any parent up to mount point /)
Stopping at filesystem boundary (GIT_DISCOVERY_ACROSS_FILESYSTEM not set).
2026-06-02 05:42:22.815 [info] > git rev-parse --show-toplevel [2ms]
2026-06-02 05:42:22.815 [info] fatal: not a git repository (or any parent up to mount point /)
Stopping at filesystem boundary (GIT_DISCOVERY_ACROSS_FILESYSTEM not set).
2026-06-02 05:42:22.825 [info] > git rev-parse --show-toplevel [3ms]
2026-06-02 05:42:22.825 [info] fatal: not a git repository (or any parent up to mount point /)
Stopping at filesystem boundary (GIT_DISCOVERY_ACROSS_FILESYSTEM not set).
2026-06-02 05:42:22.830 [info] > git rev-parse --show-toplevel [1ms]
2026-06-02 05:42:22.831 [info] fatal: not a git repository (or any parent up to mount point /)
Stopping at filesystem boundary (GIT_DISCOVERY_ACROSS_FILESYSTEM not set).
2026-06-02 05:42:22.832 [info] [Model][doInitialScan] Initial repository scan completed - repositories (0), closed repositories (0), parent repositories (0), unsafe repositories (0)
2026-06-02 05:42:23.064 [info] > git rev-parse --show-toplevel [1ms]
2026-06-02 05:42:23.064 [info] fatal: not a git repository (or any parent up to mount point /)
Stopping at filesystem boundary (GIT_DISCOVERY_ACROSS_FILESYSTEM not set).
2026-06-02 05:42:23.703 [info] > git rev-parse --show-toplevel [1ms]
2026-06-02 05:42:23.703 [info] fatal: not a git repository (or any parent up to mount point /)
Stopping at filesystem boundary (GIT_DISCOVERY_ACROSS_FILESYSTEM not set).
2026-06-02 05:42:27.199 [info] > git rev-parse --show-toplevel [1ms]
2026-06-02 05:42:27.199 [info] fatal: not a git repository (or any parent up to mount point /)
Stopping at filesystem boundary (GIT_DISCOVERY_ACROSS_FILESYSTEM not set).
2026-06-02 05:42:48.795 [info] > git rev-parse --show-toplevel [1ms]
2026-06-02 05:42:48.795 [info] fatal: not a git repository (or any parent up to mount point /)
Stopping at filesystem boundary (GIT_DISCOVERY_ACROSS_FILESYSTEM not set).
2026-06-02 05:43:05.016 [info] > git rev-parse --show-toplevel [4ms]
2026-06-02 05:43:05.016 [info] fatal: not a git repository (or any parent up to mount point /)
Stopping at filesystem boundary (GIT_DISCOVERY_ACROSS_FILESYSTEM not set).
2026-06-02 06:08:32.115 [info] > git rev-parse --show-toplevel [3ms]
2026-06-02 06:08:32.115 [info] fatal: not a git repository (or any parent up to mount point /)
Stopping at filesystem boundary (GIT_DISCOVERY_ACROSS_FILESYSTEM not set).
