2026-05-31 21:10:27.802 [info] Reading sessions from keychain...
2026-05-31 21:10:27.802 [info] Getting sessions for all scopes...
2026-05-31 21:10:27.802 [info] Got stored sessions!
2026-05-31 21:10:27.802 [info] Got 1 verified sessions.
2026-05-31 21:10:27.802 [info] Got 1 sessions for ...
2026-05-31 21:10:27.802 [info] Getting sessions for all scopes...
2026-05-31 21:10:27.802 [info] Got 1 sessions for ...
2026-05-31 21:10:27.802 [info] Getting sessions for all scopes...
2026-05-31 21:10:27.802 [info] Got 1 sessions for ...
2026-05-31 21:10:27.802 [info] Getting sessions for all scopes...
2026-05-31 21:10:27.802 [info] Got 1 sessions for ...
2026-05-31 21:10:27.814 [info] Getting sessions for all scopes...
2026-05-31 21:10:27.814 [info] Got 1 sessions for ...
2026-05-31 21:10:29.502 [info] FetcherService: Node fetch failed with status: 429 Too Many Requests
2026-05-31 21:10:29.505 [info] Unable to resolve optional EDU details. Status: 429 Too Many Requests
2026-05-31 21:10:29.729 [info] Getting sessions for all scopes...
2026-05-31 21:10:29.729 [info] Got 1 sessions for ...
2026-05-31 21:10:53.938 [info] Getting sessions for all scopes...
2026-05-31 21:10:53.938 [info] Got 1 sessions for ...
2026-05-31 21:10:53.939 [info] Getting sessions for all scopes...
2026-05-31 21:10:53.939 [info] Got 1 sessions for ...
