2026-06-01 12:42:46.238 [info] Extension host with pid 38083 started
2026-06-01 12:42:46.290 [info] ExtensionService#_doActivateExtension vscode.github-authentication, startup: false, activationEvent: 'onAuthenticationRequest:github'
2026-06-01 12:42:46.312 [info] ExtensionService#_doActivateExtension vscode.emmet, startup: false, activationEvent: 'onLanguage'
2026-06-01 12:42:46.422 [info] ExtensionService#_doActivateExtension vscode.git-base, startup: true, activationEvent: '*'
2026-06-01 12:42:46.494 [info] ExtensionService#_doActivateExtension vscode.github, startup: true, activationEvent: '*'
2026-06-01 12:42:46.565 [info] Eager extensions activated
2026-06-01 12:42:46.567 [info] ExtensionService#_doActivateExtension vscode.debug-auto-launch, startup: false, activationEvent: 'onStartupFinished'
2026-06-01 12:42:46.569 [info] ExtensionService#_doActivateExtension vscode.merge-conflict, startup: false, activationEvent: 'onStartupFinished'
2026-06-01 12:51:41.206 [info] ExtensionService#_doActivateExtension vscode.git, startup: false, activationEvent: 'api', root cause: vscode.github
2026-06-01 12:54:54.176 [info] ExtensionService#_doActivateExtension ms-python.python, startup: false, activationEvent: 'onLanguage:python', root cause: ms-python.debugpy
2026-06-01 12:54:54.309 [info] ExtensionService#_doActivateExtension ms-python.vscode-python-envs, startup: false, activationEvent: 'onLanguage:python'
2026-06-01 12:54:54.340 [info] ExtensionService#_doActivateExtension ms-python.vscode-pylance, startup: false, activationEvent: 'onLanguage:python'
2026-06-01 12:54:55.066 [info] ExtensionService#_doActivateExtension ms-python.debugpy, startup: false, activationEvent: 'onLanguage:python'
2026-06-01 12:54:57.698 [warning] DiagnosticCollection with name 'Pylance' does already exist.
2026-06-01 12:55:14.657 [error] Error: illegal state - object is disposed
	at i._checkDisposed (file:///opt/visual-studio-code/resources/app/out/vs/workbench/api/node/extensionHostProcess.js:530:103473)
	at i.delete (file:///opt/visual-studio-code/resources/app/out/vs/workbench/api/node/extensionHostProcess.js:530:102886)
	at DiagnosticRequestor.forgetDocument (/home/furuike/.vscode/extensions/ms-python.vscode-pylance-2026.2.1/dist/vendor.bundle.js:39:73655)
	at DiagnosticFeatureProviderImpl.cleanUpDocument (/home/furuike/.vscode/extensions/ms-python.vscode-pylance-2026.2.1/dist/vendor.bundle.js:39:88126)
	at cp.value (/home/furuike/.vscode/extensions/ms-python.vscode-pylance-2026.2.1/dist/vendor.bundle.js:39:87297)
	at E._deliver (file:///opt/visual-studio-code/resources/app/out/vs/workbench/api/node/extensionHostProcess.js:403:3244)
	at E._deliverQueue (file:///opt/visual-studio-code/resources/app/out/vs/workbench/api/node/extensionHostProcess.js:403:3333)
	at E.fire (file:///opt/visual-studio-code/resources/app/out/vs/workbench/api/node/extensionHostProcess.js:403:3667)
	at updateVisibleDocuments (/home/furuike/.vscode/extensions/ms-python.vscode-pylance-2026.2.1/dist/vendor.bundle.js:34:39301)
	at cp.value (/home/furuike/.vscode/extensions/ms-python.vscode-pylance-2026.2.1/dist/vendor.bundle.js:34:39563)
	at E._deliver (file:///opt/visual-studio-code/resources/app/out/vs/workbench/api/node/extensionHostProcess.js:403:3244)
	at E.fire (file:///opt/visual-studio-code/resources/app/out/vs/workbench/api/node/extensionHostProcess.js:403:3562)
	at Gg.$acceptTabOperation (file:///opt/visual-studio-code/resources/app/out/vs/workbench/api/node/extensionHostProcess.js:511:25241)
	at i._doInvokeHandler (file:///opt/visual-studio-code/resources/app/out/vs/workbench/api/node/extensionHostProcess.js:407:157650)
	at i._invokeHandler (file:///opt/visual-studio-code/resources/app/out/vs/workbench/api/node/extensionHostProcess.js:407:157398)
	at i._receiveRequest (file:///opt/visual-studio-code/resources/app/out/vs/workbench/api/node/extensionHostProcess.js:407:156180)
	at i._receiveOneMessage (file:///opt/visual-studio-code/resources/app/out/vs/workbench/api/node/extensionHostProcess.js:407:155018)
	at cp.value (file:///opt/visual-studio-code/resources/app/out/vs/workbench/api/node/extensionHostProcess.js:407:153093)
	at E._deliver (file:///opt/visual-studio-code/resources/app/out/vs/workbench/api/node/extensionHostProcess.js:403:3244)
	at E.fire (file:///opt/visual-studio-code/resources/app/out/vs/workbench/api/node/extensionHostProcess.js:403:3562)
	at as.fire (file:///opt/visual-studio-code/resources/app/out/vs/workbench/api/node/extensionHostProcess.js:405:8437)
	at cp.value (file:///opt/visual-studio-code/resources/app/out/vs/workbench/api/node/extensionHostProcess.js:805:9911)
	at E._deliver (file:///opt/visual-studio-code/resources/app/out/vs/workbench/api/node/extensionHostProcess.js:403:3244)
	at E.fire (file:///opt/visual-studio-code/resources/app/out/vs/workbench/api/node/extensionHostProcess.js:403:3562)
	at as.fire (file:///opt/visual-studio-code/resources/app/out/vs/workbench/api/node/extensionHostProcess.js:405:8437)
	at MessagePortMain.<anonymous> (file:///opt/visual-studio-code/resources/app/out/vs/workbench/api/node/extensionHostProcess.js:805:8082)
	at MessagePortMain.emit (node:events:519:28)
	at MessagePortMain._internalPort.emit (node:electron/js2c/utility_init:2:2959)
2026-06-01 12:59:19.973 [info] ExtensionService#_doActivateExtension vscode.terminal-suggest, startup: false, activationEvent: 'onTerminalShellIntegration:*'
2026-06-01 12:59:20.258 [info] ExtensionService#_doActivateExtension vscode.npm, startup: false, activationEvent: 'onTerminalQuickFixRequest:ms-vscode.npm-command'
2026-06-01 13:19:01.106 [info] Extension host terminating: received terminate message from renderer
2026-06-01 13:19:01.143 [error] An error occurred when disposing the subscriptions for extension 'ms-python.vscode-python-envs':
2026-06-01 13:19:01.143 [error] Error: Channel has been closed
	at r (file:///opt/visual-studio-code/resources/app/out/vs/workbench/api/node/extensionHostProcess.js:509:3935)
	at Object.error (file:///opt/visual-studio-code/resources/app/out/vs/workbench/api/node/extensionHostProcess.js:509:4394)
	at Object.dispose (/home/furuike/.vscode/extensions/ms-python.vscode-python-envs-1.30.0-linux-x64/dist/extension.js:2:557403)
	at /home/furuike/.vscode/extensions/ms-python.vscode-python-envs-1.30.0-linux-x64/dist/extension.js:2:556163
	at Array.forEach (<anonymous>)
	at A.dispose (/home/furuike/.vscode/extensions/ms-python.vscode-python-envs-1.30.0-linux-x64/dist/extension.js:2:556150)
	at En (file:///opt/visual-studio-code/resources/app/out/vs/workbench/api/node/extensionHostProcess.js:401:736)
	at jP._fn (file:///opt/visual-studio-code/resources/app/out/vs/workbench/api/node/extensionHostProcess.js:506:18391)
	at jP.dispose (file:///opt/visual-studio-code/resources/app/out/vs/workbench/api/node/extensionHostProcess.js:401:1248)
	at bP._deactivate (file:///opt/visual-studio-code/resources/app/out/vs/workbench/api/node/extensionHostProcess.js:506:14708)
	at file:///opt/visual-studio-code/resources/app/out/vs/workbench/api/node/extensionHostProcess.js:506:12010
	at Array.map (<anonymous>)
	at bP._deactivateAll (file:///opt/visual-studio-code/resources/app/out/vs/workbench/api/node/extensionHostProcess.js:506:11998)
	at bP.terminate (file:///opt/visual-studio-code/resources/app/out/vs/workbench/api/node/extensionHostProcess.js:506:12349)
	at i.terminate (file:///opt/visual-studio-code/resources/app/out/vs/workbench/api/node/extensionHostProcess.js:508:1072)
	at Gs (file:///opt/visual-studio-code/resources/app/out/vs/workbench/api/node/extensionHostProcess.js:805:11700)
	at cp.value (file:///opt/visual-studio-code/resources/app/out/vs/workbench/api/node/extensionHostProcess.js:805:9847)
	at E._deliver (file:///opt/visual-studio-code/resources/app/out/vs/workbench/api/node/extensionHostProcess.js:403:3244)
	at E.fire (file:///opt/visual-studio-code/resources/app/out/vs/workbench/api/node/extensionHostProcess.js:403:3562)
	at as.fire (file:///opt/visual-studio-code/resources/app/out/vs/workbench/api/node/extensionHostProcess.js:405:8437)
	at MessagePortMain.<anonymous> (file:///opt/visual-studio-code/resources/app/out/vs/workbench/api/node/extensionHostProcess.js:805:8082)
	at MessagePortMain.emit (node:events:519:28)
	at MessagePortMain._internalPort.emit (node:electron/js2c/utility_init:2:2959)
2026-06-01 13:19:01.146 [error] TypeError: Cannot read properties of undefined (reading 'subscriptions')
	at Object.te [as deactivate] (/home/furuike/.vscode/extensions/ms-python.vscode-python-envs-1.30.0-linux-x64/dist/extension.js:2:741102)
	at bP._deactivate (file:///opt/visual-studio-code/resources/app/out/vs/workbench/api/node/extensionHostProcess.js:506:14483)
	at file:///opt/visual-studio-code/resources/app/out/vs/workbench/api/node/extensionHostProcess.js:506:12010
	at Array.map (<anonymous>)
	at bP._deactivateAll (file:///opt/visual-studio-code/resources/app/out/vs/workbench/api/node/extensionHostProcess.js:506:11998)
	at bP.terminate (file:///opt/visual-studio-code/resources/app/out/vs/workbench/api/node/extensionHostProcess.js:506:12349)
	at i.terminate (file:///opt/visual-studio-code/resources/app/out/vs/workbench/api/node/extensionHostProcess.js:508:1072)
	at Gs (file:///opt/visual-studio-code/resources/app/out/vs/workbench/api/node/extensionHostProcess.js:805:11700)
	at cp.value (file:///opt/visual-studio-code/resources/app/out/vs/workbench/api/node/extensionHostProcess.js:805:9847)
	at E._deliver (file:///opt/visual-studio-code/resources/app/out/vs/workbench/api/node/extensionHostProcess.js:403:3244)
	at E.fire (file:///opt/visual-studio-code/resources/app/out/vs/workbench/api/node/extensionHostProcess.js:403:3562)
	at as.fire (file:///opt/visual-studio-code/resources/app/out/vs/workbench/api/node/extensionHostProcess.js:405:8437)
	at MessagePortMain.<anonymous> (file:///opt/visual-studio-code/resources/app/out/vs/workbench/api/node/extensionHostProcess.js:805:8082)
	at MessagePortMain.emit (node:events:519:28)
	at MessagePortMain._internalPort.emit (node:electron/js2c/utility_init:2:2959)
2026-06-01 13:19:01.148 [info] Extension host with pid 38083 exiting with code 0
2026-06-01 13:19:03.224 [info] Extension host with pid 62738 started
2026-06-01 13:19:03.224 [info] Skipping acquiring lock for /home/furuike/.config/Code/User/workspaceStorage/ed23c84e1931809b581f4782c757544b.
2026-06-01 13:19:03.370 [info] ExtensionService#_doActivateExtension vscode.github-authentication, startup: false, activationEvent: 'onAuthenticationRequest:github'
2026-06-01 13:19:03.405 [info] ExtensionService#_doActivateExtension vscode.emmet, startup: false, activationEvent: 'onLanguage'
2026-06-01 13:19:03.469 [info] ExtensionService#_doActivateExtension vscode.git-base, startup: true, activationEvent: '*'
2026-06-01 13:19:03.519 [info] ExtensionService#_doActivateExtension vscode.github, startup: true, activationEvent: '*'
2026-06-01 13:19:03.563 [info] Eager extensions activated
2026-06-01 13:19:03.641 [info] ExtensionService#_doActivateExtension vscode.debug-auto-launch, startup: false, activationEvent: 'onStartupFinished'
2026-06-01 13:19:03.643 [info] ExtensionService#_doActivateExtension vscode.merge-conflict, startup: false, activationEvent: 'onStartupFinished'
2026-06-01 13:19:07.602 [info] ExtensionService#_doActivateExtension vscode.git, startup: false, activationEvent: 'api', root cause: vscode.github
2026-06-01 13:19:12.383 [info] ExtensionService#_doActivateExtension ms-python.python, startup: false, activationEvent: 'onLanguage:python', root cause: ms-python.debugpy
2026-06-01 13:19:12.628 [info] ExtensionService#_doActivateExtension ms-python.vscode-pylance, startup: false, activationEvent: 'onLanguage:python'
2026-06-01 13:19:13.122 [info] ExtensionService#_doActivateExtension ms-python.vscode-python-envs, startup: false, activationEvent: 'onLanguage:python'
2026-06-01 13:19:13.571 [info] ExtensionService#_doActivateExtension ms-python.debugpy, startup: false, activationEvent: 'onLanguage:python'
2026-06-01 13:19:14.000 [info] ExtensionService#_doActivateExtension vscode.terminal-suggest, startup: false, activationEvent: 'onTerminalShellIntegration:*'
2026-06-01 13:19:16.975 [warning] DiagnosticCollection with name 'Pylance' does already exist.
2026-06-01 13:19:17.033 [warning] DiagnosticCollection with name 'Pylance' does already exist.
2026-06-01 13:19:21.924 [error] Error: illegal state - object is disposed
	at i._checkDisposed (file:///opt/visual-studio-code/resources/app/out/vs/workbench/api/node/extensionHostProcess.js:530:103473)
	at i.delete (file:///opt/visual-studio-code/resources/app/out/vs/workbench/api/node/extensionHostProcess.js:530:102886)
	at DiagnosticRequestor.forgetDocument (/home/furuike/.vscode/extensions/ms-python.vscode-pylance-2026.2.1/dist/vendor.bundle.js:39:73655)
	at DiagnosticFeatureProviderImpl.cleanUpDocument (/home/furuike/.vscode/extensions/ms-python.vscode-pylance-2026.2.1/dist/vendor.bundle.js:39:88126)
	at cp.value (/home/furuike/.vscode/extensions/ms-python.vscode-pylance-2026.2.1/dist/vendor.bundle.js:39:87297)
	at E._deliver (file:///opt/visual-studio-code/resources/app/out/vs/workbench/api/node/extensionHostProcess.js:403:3244)
	at E._deliverQueue (file:///opt/visual-studio-code/resources/app/out/vs/workbench/api/node/extensionHostProcess.js:403:3333)
	at E.fire (file:///opt/visual-studio-code/resources/app/out/vs/workbench/api/node/extensionHostProcess.js:403:3667)
	at updateVisibleDocuments (/home/furuike/.vscode/extensions/ms-python.vscode-pylance-2026.2.1/dist/vendor.bundle.js:34:39301)
	at /home/furuike/.vscode/extensions/ms-python.vscode-pylance-2026.2.1/dist/vendor.bundle.js:34:39670
	at cp.value (file:///opt/visual-studio-code/resources/app/out/vs/workbench/api/node/extensionHostProcess.js:641:134607)
	at E._deliver (file:///opt/visual-studio-code/resources/app/out/vs/workbench/api/node/extensionHostProcess.js:403:3244)
	at E._deliverQueue (file:///opt/visual-studio-code/resources/app/out/vs/workbench/api/node/extensionHostProcess.js:403:3333)
	at E.fire (file:///opt/visual-studio-code/resources/app/out/vs/workbench/api/node/extensionHostProcess.js:403:3667)
	at cp.value (file:///opt/visual-studio-code/resources/app/out/vs/workbench/api/node/extensionHostProcess.js:641:81241)
	at E._deliver (file:///opt/visual-studio-code/resources/app/out/vs/workbench/api/node/extensionHostProcess.js:403:3244)
	at E.fire (file:///opt/visual-studio-code/resources/app/out/vs/workbench/api/node/extensionHostProcess.js:403:3562)
	at $g.acceptDocumentsAndEditorsDelta (file:///opt/visual-studio-code/resources/app/out/vs/workbench/api/node/extensionHostProcess.js:510:14547)
	at $g.$acceptDocumentsAndEditorsDelta (file:///opt/visual-studio-code/resources/app/out/vs/workbench/api/node/extensionHostProcess.js:510:12906)
	at i._doInvokeHandler (file:///opt/visual-studio-code/resources/app/out/vs/workbench/api/node/extensionHostProcess.js:407:157650)
	at i._invokeHandler (file:///opt/visual-studio-code/resources/app/out/vs/workbench/api/node/extensionHostProcess.js:407:157398)
	at i._receiveRequest (file:///opt/visual-studio-code/resources/app/out/vs/workbench/api/node/extensionHostProcess.js:407:156180)
	at i._receiveOneMessage (file:///opt/visual-studio-code/resources/app/out/vs/workbench/api/node/extensionHostProcess.js:407:155018)
	at cp.value (file:///opt/visual-studio-code/resources/app/out/vs/workbench/api/node/extensionHostProcess.js:407:153093)
	at E._deliver (file:///opt/visual-studio-code/resources/app/out/vs/workbench/api/node/extensionHostProcess.js:403:3244)
	at E.fire (file:///opt/visual-studio-code/resources/app/out/vs/workbench/api/node/extensionHostProcess.js:403:3562)
	at as.fire (file:///opt/visual-studio-code/resources/app/out/vs/workbench/api/node/extensionHostProcess.js:405:8437)
	at cp.value (file:///opt/visual-studio-code/resources/app/out/vs/workbench/api/node/extensionHostProcess.js:805:9911)
	at E._deliver (file:///opt/visual-studio-code/resources/app/out/vs/workbench/api/node/extensionHostProcess.js:403:3244)
	at E.fire (file:///opt/visual-studio-code/resources/app/out/vs/workbench/api/node/extensionHostProcess.js:403:3562)
	at as.fire (file:///opt/visual-studio-code/resources/app/out/vs/workbench/api/node/extensionHostProcess.js:405:8437)
	at MessagePortMain.<anonymous> (file:///opt/visual-studio-code/resources/app/out/vs/workbench/api/node/extensionHostProcess.js:805:8082)
	at MessagePortMain.emit (node:events:519:28)
	at MessagePortMain._internalPort.emit (node:electron/js2c/utility_init:2:2959)
2026-06-01 13:19:21.925 [error] Error: illegal state - object is disposed
	at i._checkDisposed (file:///opt/visual-studio-code/resources/app/out/vs/workbench/api/node/extensionHostProcess.js:530:103473)
	at i.delete (file:///opt/visual-studio-code/resources/app/out/vs/workbench/api/node/extensionHostProcess.js:530:102886)
	at DiagnosticRequestor.forgetDocument (/home/furuike/.vscode/extensions/ms-python.vscode-pylance-2026.2.1/dist/vendor.bundle.js:39:73655)
	at DiagnosticFeatureProviderImpl.cleanUpDocument (/home/furuike/.vscode/extensions/ms-python.vscode-pylance-2026.2.1/dist/vendor.bundle.js:39:88126)
	at cp.value (/home/furuike/.vscode/extensions/ms-python.vscode-pylance-2026.2.1/dist/vendor.bundle.js:39:87297)
	at E._deliver (file:///opt/visual-studio-code/resources/app/out/vs/workbench/api/node/extensionHostProcess.js:403:3244)
	at E._deliverQueue (file:///opt/visual-studio-code/resources/app/out/vs/workbench/api/node/extensionHostProcess.js:403:3333)
	at E.fire (file:///opt/visual-studio-code/resources/app/out/vs/workbench/api/node/extensionHostProcess.js:403:3667)
	at updateVisibleDocuments (/home/furuike/.vscode/extensions/ms-python.vscode-pylance-2026.2.1/dist/vendor.bundle.js:34:39301)
	at /home/furuike/.vscode/extensions/ms-python.vscode-pylance-2026.2.1/dist/vendor.bundle.js:34:39670
	at cp.value (file:///opt/visual-studio-code/resources/app/out/vs/workbench/api/node/extensionHostProcess.js:641:134607)
	at E._deliver (file:///opt/visual-studio-code/resources/app/out/vs/workbench/api/node/extensionHostProcess.js:403:3244)
	at E._deliverQueue (file:///opt/visual-studio-code/resources/app/out/vs/workbench/api/node/extensionHostProcess.js:403:3333)
	at E.fire (file:///opt/visual-studio-code/resources/app/out/vs/workbench/api/node/extensionHostProcess.js:403:3667)
	at cp.value (file:///opt/visual-studio-code/resources/app/out/vs/workbench/api/node/extensionHostProcess.js:641:81241)
	at E._deliver (file:///opt/visual-studio-code/resources/app/out/vs/workbench/api/node/extensionHostProcess.js:403:3244)
	at E.fire (file:///opt/visual-studio-code/resources/app/out/vs/workbench/api/node/extensionHostProcess.js:403:3562)
	at $g.acceptDocumentsAndEditorsDelta (file:///opt/visual-studio-code/resources/app/out/vs/workbench/api/node/extensionHostProcess.js:510:14547)
	at $g.$acceptDocumentsAndEditorsDelta (file:///opt/visual-studio-code/resources/app/out/vs/workbench/api/node/extensionHostProcess.js:510:12906)
	at i._doInvokeHandler (file:///opt/visual-studio-code/resources/app/out/vs/workbench/api/node/extensionHostProcess.js:407:157650)
	at i._invokeHandler (file:///opt/visual-studio-code/resources/app/out/vs/workbench/api/node/extensionHostProcess.js:407:157398)
	at i._receiveRequest (file:///opt/visual-studio-code/resources/app/out/vs/workbench/api/node/extensionHostProcess.js:407:156180)
	at i._receiveOneMessage (file:///opt/visual-studio-code/resources/app/out/vs/workbench/api/node/extensionHostProcess.js:407:155018)
	at cp.value (file:///opt/visual-studio-code/resources/app/out/vs/workbench/api/node/extensionHostProcess.js:407:153093)
	at E._deliver (file:///opt/visual-studio-code/resources/app/out/vs/workbench/api/node/extensionHostProcess.js:403:3244)
	at E.fire (file:///opt/visual-studio-code/resources/app/out/vs/workbench/api/node/extensionHostProcess.js:403:3562)
	at as.fire (file:///opt/visual-studio-code/resources/app/out/vs/workbench/api/node/extensionHostProcess.js:405:8437)
	at cp.value (file:///opt/visual-studio-code/resources/app/out/vs/workbench/api/node/extensionHostProcess.js:805:9911)
	at E._deliver (file:///opt/visual-studio-code/resources/app/out/vs/workbench/api/node/extensionHostProcess.js:403:3244)
	at E.fire (file:///opt/visual-studio-code/resources/app/out/vs/workbench/api/node/extensionHostProcess.js:403:3562)
	at as.fire (file:///opt/visual-studio-code/resources/app/out/vs/workbench/api/node/extensionHostProcess.js:405:8437)
	at MessagePortMain.<anonymous> (file:///opt/visual-studio-code/resources/app/out/vs/workbench/api/node/extensionHostProcess.js:805:8082)
	at MessagePortMain.emit (node:events:519:28)
	at MessagePortMain._internalPort.emit (node:electron/js2c/utility_init:2:2959)
2026-06-01 13:21:37.435 [info] ExtensionService#_doActivateExtension ms-vscode.cpptools, startup: false, activationEvent: 'onWalkthrough:cppWelcome'
2026-06-01 13:44:21.117 [info] Extension host terminating: received terminate message from renderer
2026-06-01 13:44:21.155 [error] An error occurred when disposing the subscriptions for extension 'ms-python.vscode-python-envs':
2026-06-01 13:44:21.155 [error] Error: Channel has been closed
	at r (file:///opt/visual-studio-code/resources/app/out/vs/workbench/api/node/extensionHostProcess.js:509:3935)
	at Object.error (file:///opt/visual-studio-code/resources/app/out/vs/workbench/api/node/extensionHostProcess.js:509:4394)
	at Object.dispose (/home/furuike/.vscode/extensions/ms-python.vscode-python-envs-1.30.0-linux-x64/dist/extension.js:2:557403)
	at /home/furuike/.vscode/extensions/ms-python.vscode-python-envs-1.30.0-linux-x64/dist/extension.js:2:556163
	at Array.forEach (<anonymous>)
	at A.dispose (/home/furuike/.vscode/extensions/ms-python.vscode-python-envs-1.30.0-linux-x64/dist/extension.js:2:556150)
	at En (file:///opt/visual-studio-code/resources/app/out/vs/workbench/api/node/extensionHostProcess.js:401:736)
	at jP._fn (file:///opt/visual-studio-code/resources/app/out/vs/workbench/api/node/extensionHostProcess.js:506:18391)
	at jP.dispose (file:///opt/visual-studio-code/resources/app/out/vs/workbench/api/node/extensionHostProcess.js:401:1248)
	at bP._deactivate (file:///opt/visual-studio-code/resources/app/out/vs/workbench/api/node/extensionHostProcess.js:506:14708)
	at file:///opt/visual-studio-code/resources/app/out/vs/workbench/api/node/extensionHostProcess.js:506:12010
	at Array.map (<anonymous>)
	at bP._deactivateAll (file:///opt/visual-studio-code/resources/app/out/vs/workbench/api/node/extensionHostProcess.js:506:11998)
	at bP.terminate (file:///opt/visual-studio-code/resources/app/out/vs/workbench/api/node/extensionHostProcess.js:506:12349)
	at i.terminate (file:///opt/visual-studio-code/resources/app/out/vs/workbench/api/node/extensionHostProcess.js:508:1072)
	at Gs (file:///opt/visual-studio-code/resources/app/out/vs/workbench/api/node/extensionHostProcess.js:805:11700)
	at cp.value (file:///opt/visual-studio-code/resources/app/out/vs/workbench/api/node/extensionHostProcess.js:805:9847)
	at E._deliver (file:///opt/visual-studio-code/resources/app/out/vs/workbench/api/node/extensionHostProcess.js:403:3244)
	at E.fire (file:///opt/visual-studio-code/resources/app/out/vs/workbench/api/node/extensionHostProcess.js:403:3562)
	at as.fire (file:///opt/visual-studio-code/resources/app/out/vs/workbench/api/node/extensionHostProcess.js:405:8437)
	at MessagePortMain.<anonymous> (file:///opt/visual-studio-code/resources/app/out/vs/workbench/api/node/extensionHostProcess.js:805:8082)
	at MessagePortMain.emit (node:events:519:28)
	at MessagePortMain._internalPort.emit (node:electron/js2c/utility_init:2:2959)
2026-06-01 13:44:21.163 [error] TypeError: Cannot read properties of undefined (reading 'subscriptions')
	at Object.te [as deactivate] (/home/furuike/.vscode/extensions/ms-python.vscode-python-envs-1.30.0-linux-x64/dist/extension.js:2:741102)
	at bP._deactivate (file:///opt/visual-studio-code/resources/app/out/vs/workbench/api/node/extensionHostProcess.js:506:14483)
	at file:///opt/visual-studio-code/resources/app/out/vs/workbench/api/node/extensionHostProcess.js:506:12010
	at Array.map (<anonymous>)
	at bP._deactivateAll (file:///opt/visual-studio-code/resources/app/out/vs/workbench/api/node/extensionHostProcess.js:506:11998)
	at bP.terminate (file:///opt/visual-studio-code/resources/app/out/vs/workbench/api/node/extensionHostProcess.js:506:12349)
	at i.terminate (file:///opt/visual-studio-code/resources/app/out/vs/workbench/api/node/extensionHostProcess.js:508:1072)
	at Gs (file:///opt/visual-studio-code/resources/app/out/vs/workbench/api/node/extensionHostProcess.js:805:11700)
	at cp.value (file:///opt/visual-studio-code/resources/app/out/vs/workbench/api/node/extensionHostProcess.js:805:9847)
	at E._deliver (file:///opt/visual-studio-code/resources/app/out/vs/workbench/api/node/extensionHostProcess.js:403:3244)
	at E.fire (file:///opt/visual-studio-code/resources/app/out/vs/workbench/api/node/extensionHostProcess.js:403:3562)
	at as.fire (file:///opt/visual-studio-code/resources/app/out/vs/workbench/api/node/extensionHostProcess.js:405:8437)
	at MessagePortMain.<anonymous> (file:///opt/visual-studio-code/resources/app/out/vs/workbench/api/node/extensionHostProcess.js:805:8082)
	at MessagePortMain.emit (node:events:519:28)
	at MessagePortMain._internalPort.emit (node:electron/js2c/utility_init:2:2959)
2026-06-01 13:44:21.182 [info] Extension host with pid 62738 exiting with code 0
