2026-06-02 05:42:22.377 [info] Reading sessions from keychain...
2026-06-02 05:42:22.377 [info] Getting sessions for all scopes...
2026-06-02 05:42:22.377 [info] Got stored sessions!
2026-06-02 05:42:22.377 [info] Got 1 verified sessions.
2026-06-02 05:42:22.377 [info] Got 1 sessions for ...
2026-06-02 05:42:22.377 [info] Getting sessions for all scopes...
2026-06-02 05:42:22.377 [info] Got 1 sessions for ...
2026-06-02 05:42:22.377 [info] Getting sessions for all scopes...
2026-06-02 05:42:22.377 [info] Got 1 sessions for ...
2026-06-02 05:42:22.377 [info] Getting sessions for all scopes...
2026-06-02 05:42:22.377 [info] Got 1 sessions for ...
2026-06-02 05:42:22.377 [info] Getting sessions for all scopes...
2026-06-02 05:42:22.377 [info] Got 1 sessions for ...
2026-06-02 05:42:23.821 [info] Getting sessions for all scopes...
2026-06-02 05:42:23.821 [info] Got 1 sessions for ...
2026-06-02 05:42:23.861 [info] FetcherService: Node fetch failed with status: 429 Too Many Requests
2026-06-02 05:42:23.862 [info] Unable to resolve optional EDU details. Status: 429 Too Many Requests
2026-06-02 05:43:17.233 [info] Getting sessions for all scopes...
2026-06-02 05:43:17.233 [info] Got 1 sessions for ...
2026-06-02 05:43:17.234 [info] Getting sessions for all scopes...
2026-06-02 05:43:17.234 [info] Got 1 sessions for ...
2026-06-02 05:43:21.072 [info] Getting sessions for all scopes...
2026-06-02 05:43:21.073 [info] Got 1 sessions for ...
2026-06-02 05:43:21.073 [info] Getting sessions for all scopes...
2026-06-02 05:43:21.073 [info] Got 1 sessions for ...
2026-06-02 05:43:24.912 [info] Getting sessions for all scopes...
2026-06-02 05:43:24.912 [info] Got 1 sessions for ...
2026-06-02 05:43:24.915 [info] Getting sessions for all scopes...
2026-06-02 05:43:24.916 [info] Got 1 sessions for ...
2026-06-02 06:04:29.730 [info] Getting sessions for all scopes...
2026-06-02 06:04:29.730 [info] Got 1 sessions for ...
2026-06-02 06:04:29.730 [info] Getting sessions for all scopes...
2026-06-02 06:04:29.730 [info] Got 1 sessions for ...
2026-06-02 06:04:30.934 [info] Getting sessions for all scopes...
2026-06-02 06:04:30.934 [info] Got 1 sessions for ...
2026-06-02 06:04:30.935 [info] Getting sessions for all scopes...
2026-06-02 06:04:30.935 [info] Got 1 sessions for ...
2026-06-02 06:22:08.751 [info] Getting sessions for all scopes...
2026-06-02 06:22:08.751 [info] Got 1 sessions for ...
2026-06-02 06:22:08.752 [info] Getting sessions for all scopes...
2026-06-02 06:22:08.752 [info] Got 1 sessions for ...
