2026-05-31 21:15:09.378 [info] Reading sessions from keychain...
2026-05-31 21:15:09.378 [info] Getting sessions for all scopes...
2026-05-31 21:15:09.402 [info] Got stored sessions!
2026-05-31 21:15:09.403 [info] Got 1 verified sessions.
2026-05-31 21:15:09.403 [info] Got 1 sessions for ...
2026-05-31 21:15:09.403 [info] Getting sessions for all scopes...
2026-05-31 21:15:09.403 [info] Got 1 sessions for ...
2026-05-31 21:15:09.403 [info] Getting sessions for all scopes...
2026-05-31 21:15:09.403 [info] Got 1 sessions for ...
2026-05-31 21:15:09.419 [info] Getting sessions for all scopes...
2026-05-31 21:15:09.419 [info] Got 1 sessions for ...
2026-05-31 21:15:09.476 [info] Getting sessions for all scopes...
2026-05-31 21:15:09.476 [info] Got 1 sessions for ...
2026-05-31 21:15:10.648 [info] Getting sessions for all scopes...
2026-05-31 21:15:10.648 [info] Got 1 sessions for ...
2026-05-31 21:15:10.649 [info] Getting sessions for all scopes...
2026-05-31 21:15:10.649 [info] Got 1 sessions for ...
2026-05-31 21:15:11.179 [info] FetcherService: Node fetch failed with status: 429 Too Many Requests
2026-05-31 21:15:11.181 [info] Unable to resolve optional EDU details. Status: 429 Too Many Requests
2026-05-31 21:15:11.219 [info] Getting sessions for all scopes...
2026-05-31 21:15:11.219 [info] Got 1 sessions for ...
