2026-06-02 23:47:43.662 [info] Reading sessions from keychain...
2026-06-02 23:47:43.662 [info] Got stored sessions!
2026-06-02 23:47:43.662 [info] Got 1 verified sessions.
2026-06-02 23:47:43.662 [info] Getting sessions for all scopes...
2026-06-02 23:47:43.662 [info] Got 1 sessions for ...
2026-06-02 23:47:43.662 [info] Getting sessions for all scopes...
2026-06-02 23:47:43.662 [info] Got 1 sessions for ...
2026-06-02 23:47:43.662 [info] Getting sessions for all scopes...
2026-06-02 23:47:43.662 [info] Got 1 sessions for ...
2026-06-02 23:47:43.690 [info] Getting sessions for all scopes...
2026-06-02 23:47:43.690 [info] Got 1 sessions for ...
2026-06-02 23:47:44.802 [info] FetcherService: Node fetch failed with error: fetch failed
2026-06-02 23:47:44.823 [info] FetcherService: Node http/s failed with error: getaddrinfo EAI_AGAIN education.github.com
2026-06-02 23:47:44.825 [info] Unable to resolve optional EDU details. Error: TypeError: fetch failed
2026-06-02 23:47:45.413 [info] Getting sessions for all scopes...
2026-06-02 23:47:45.413 [info] Got 1 sessions for ...
2026-06-02 23:47:46.663 [info] Getting sessions for all scopes...
2026-06-02 23:47:46.663 [info] Got 1 sessions for ...
2026-06-02 23:47:46.664 [info] Getting sessions for all scopes...
2026-06-02 23:47:46.664 [info] Got 1 sessions for ...
