2026-06-02 02:28:43 Loaded main app package /usr/lib/obsidian/obsidian.asar
2026-06-02 02:28:43 Checking for update using Github
2026-06-02 02:28:43 Success.
2026-06-02 02:28:43 Latest version is 1.12.7
2026-06-02 02:28:43 App is up to date.
2026-06-02 02:42:37 Loaded main app package /usr/lib/obsidian/obsidian.asar
2026-06-02 02:42:37 Checking for update using Github
2026-06-02 02:42:38 Success.
2026-06-02 02:42:38 Latest version is 1.12.7
2026-06-02 02:42:38 App is up to date.
2026-06-02 02:52:34 Loaded main app package /usr/lib/obsidian/obsidian.asar
2026-06-02 02:52:34 Checking for update using Github
2026-06-02 02:52:35 Success.
2026-06-02 02:52:35 Latest version is 1.12.7
2026-06-02 02:52:35 App is up to date.
2026-06-02 03:52:34 Checking for update using Github
2026-06-02 03:52:34 Success.
2026-06-02 03:52:34 Latest version is 1.12.7
2026-06-02 03:52:34 App is up to date.
2026-06-02 04:52:34 Checking for update using Github
2026-06-02 04:52:34 Success.
2026-06-02 04:52:34 Latest version is 1.12.7
2026-06-02 04:52:34 App is up to date.
2026-06-02 05:52:34 Checking for update using Github
2026-06-02 05:52:35 Success.
2026-06-02 05:52:35 Latest version is 1.12.7
2026-06-02 05:52:35 App is up to date.
2026-06-02 06:52:34 Checking for update using Github
2026-06-02 06:52:35 Success.
2026-06-02 06:52:35 Latest version is 1.12.7
2026-06-02 06:52:35 App is up to date.
2026-06-02 07:52:35 Checking for update using Github
2026-06-02 07:52:35 Failed to check for update using Github (net::ERR_INTERNET_DISCONNECTED)
2026-06-02 07:52:35 Checking for update using obsidian.md
2026-06-02 07:52:35 Failed to check for update using obsidian.md (net::ERR_INTERNET_DISCONNECTED)
2026-06-02 08:52:35 Checking for update using Github
2026-06-02 08:52:35 Failed to check for update using Github (net::ERR_INTERNET_DISCONNECTED)
2026-06-02 08:52:35 Checking for update using obsidian.md
2026-06-02 08:52:35 Failed to check for update using obsidian.md (net::ERR_INTERNET_DISCONNECTED)
