2026-06-01 12:54:54.973 [info] Environment discovery is managed by the Python Environments extension (ms-python.vscode-python-envs). Check the "Python Environments" output channel for environment-specific logs.
2026-06-01 12:54:55.023 [info] [test-by-project] Activating project-based testing mode
2026-06-01 12:54:55.023 [info] Native locator: Refresh started
2026-06-01 12:54:55.024 [info] [test-by-project] Subscribed to Python project changes
2026-06-01 12:54:55.420 [info] Native locator: Refresh finished in 395 ms
2026-06-01 12:54:55.424 [info] Active interpreter [global]:  /usr/bin/python
2026-06-01 12:54:57.505 [info] Starting Pylance language server.
2026-06-01 13:19:13.384 [info] Environment discovery is managed by the Python Environments extension (ms-python.vscode-python-envs). Check the "Python Environments" output channel for environment-specific logs.
2026-06-01 13:19:13.424 [info] [test-by-project] Activating project-based testing mode
2026-06-01 13:19:13.424 [info] [test-by-project] Discovering projects for workspace: /home/furuike/school/souzou
2026-06-01 13:19:13.425 [info] Native locator: Refresh started
2026-06-01 13:19:13.425 [info] [test-by-project] Found 1 total Python projects from API
2026-06-01 13:19:13.425 [info] [test-by-project] Filtered to 1 projects in workspace
2026-06-01 13:19:13.425 [info] [test-by-project] Creating adapter for: souzou at file:///home/furuike/school/souzou
2026-06-01 13:19:13.560 [info] Native locator: Refresh started
2026-06-01 13:19:13.633 [info] [test-by-project] Registered 1 project(s) for /home/furuike/school/souzou
2026-06-01 13:19:13.635 [info] [test-by-project] Activated 1 project(s) for /home/furuike/school/souzou
2026-06-01 13:19:13.635 [info] [test-by-project] Subscribed to Python project changes
2026-06-01 13:19:14.184 [info] Native locator: Refresh finished in 761 ms
2026-06-01 13:19:14.194 [info] > pyenv which python
2026-06-01 13:19:14.194 [info] cwd: .
2026-06-01 13:19:14.205 [info] Active interpreter [/home/furuike/school/souzou]:  /usr/bin/python
2026-06-01 13:19:16.790 [info] Starting Pylance language server.
