2026-05-31 21:17:51.823 [info] Reading sessions from keychain...
2026-05-31 21:17:51.823 [info] Getting sessions for all scopes...
2026-05-31 21:17:51.885 [info] Got stored sessions!
2026-05-31 21:17:51.885 [info] Got 1 verified sessions.
2026-05-31 21:17:51.885 [info] Got 1 sessions for ...
2026-05-31 21:17:51.885 [info] Getting sessions for all scopes...
2026-05-31 21:17:51.885 [info] Got 1 sessions for ...
2026-05-31 21:17:51.885 [info] Getting sessions for all scopes...
2026-05-31 21:17:51.885 [info] Got 1 sessions for ...
2026-05-31 21:17:51.889 [info] Getting sessions for all scopes...
2026-05-31 21:17:51.889 [info] Got 1 sessions for ...
2026-05-31 21:17:51.915 [info] Getting sessions for all scopes...
2026-05-31 21:17:51.915 [info] Got 1 sessions for ...
2026-05-31 21:17:53.453 [info] Getting sessions for all scopes...
2026-05-31 21:17:53.453 [info] Got 1 sessions for ...
2026-05-31 21:17:53.778 [info] FetcherService: Node fetch failed with status: 429 Too Many Requests
2026-05-31 21:17:53.780 [info] Unable to resolve optional EDU details. Status: 429 Too Many Requests
2026-05-31 21:18:02.257 [info] Getting sessions for all scopes...
2026-05-31 21:18:02.257 [info] Got 1 sessions for ...
2026-05-31 21:18:02.258 [info] Getting sessions for all scopes...
2026-05-31 21:18:02.258 [info] Got 1 sessions for ...
