2026-06-01 12:42:46.421 [info] Reading sessions from keychain...
2026-06-01 12:42:46.421 [info] Getting sessions for all scopes...
2026-06-01 12:42:46.493 [info] Got stored sessions!
2026-06-01 12:42:46.493 [info] Got 1 verified sessions.
2026-06-01 12:42:46.493 [info] Got 1 sessions for ...
2026-06-01 12:42:46.493 [info] Getting sessions for all scopes...
2026-06-01 12:42:46.493 [info] Got 1 sessions for ...
2026-06-01 12:42:46.493 [info] Getting sessions for all scopes...
2026-06-01 12:42:46.493 [info] Got 1 sessions for ...
2026-06-01 12:42:46.543 [info] Getting sessions for all scopes...
2026-06-01 12:42:46.543 [info] Got 1 sessions for ...
2026-06-01 12:42:48.147 [info] Getting sessions for all scopes...
2026-06-01 12:42:48.148 [info] Got 1 sessions for ...
2026-06-01 12:42:48.689 [info] FetcherService: Node fetch failed with status: 429 Too Many Requests
2026-06-01 12:42:48.692 [info] Unable to resolve optional EDU details. Status: 429 Too Many Requests
2026-06-01 12:44:47.811 [info] Getting sessions for all scopes...
2026-06-01 12:44:47.811 [info] Got 1 sessions for ...
2026-06-01 12:44:47.812 [info] Getting sessions for all scopes...
2026-06-01 12:44:47.812 [info] Got 1 sessions for ...
2026-06-01 12:44:52.821 [info] Getting sessions for all scopes...
2026-06-01 12:44:52.821 [info] Got 1 sessions for ...
2026-06-01 12:44:52.822 [info] Getting sessions for all scopes...
2026-06-01 12:44:52.822 [info] Got 1 sessions for ...
2026-06-01 12:45:51.984 [info] Getting sessions for all scopes...
2026-06-01 12:45:51.984 [info] Got 1 sessions for ...
2026-06-01 12:45:51.985 [info] Getting sessions for all scopes...
2026-06-01 12:45:51.985 [info] Got 1 sessions for ...
2026-06-01 12:46:07.832 [info] Getting sessions for all scopes...
2026-06-01 12:46:07.832 [info] Got 1 sessions for ...
2026-06-01 12:46:07.833 [info] Getting sessions for all scopes...
2026-06-01 12:46:07.833 [info] Got 1 sessions for ...
2026-06-01 12:46:10.194 [info] Getting sessions for all scopes...
2026-06-01 12:46:10.194 [info] Got 1 sessions for ...
2026-06-01 12:46:10.195 [info] Getting sessions for all scopes...
2026-06-01 12:46:10.195 [info] Got 1 sessions for ...
2026-06-01 12:46:14.434 [info] Getting sessions for all scopes...
2026-06-01 12:46:14.434 [info] Got 1 sessions for ...
2026-06-01 12:46:14.435 [info] Getting sessions for all scopes...
2026-06-01 12:46:14.435 [info] Got 1 sessions for ...
2026-06-01 12:46:16.707 [info] Getting sessions for all scopes...
2026-06-01 12:46:16.708 [info] Got 1 sessions for ...
2026-06-01 12:46:16.708 [info] Getting sessions for all scopes...
2026-06-01 12:46:16.709 [info] Got 1 sessions for ...
2026-06-01 12:46:20.932 [info] Getting sessions for all scopes...
2026-06-01 12:46:20.932 [info] Got 1 sessions for ...
2026-06-01 12:46:20.932 [info] Getting sessions for all scopes...
2026-06-01 12:46:20.932 [info] Got 1 sessions for ...
2026-06-01 12:46:27.462 [info] Getting sessions for all scopes...
2026-06-01 12:46:27.462 [info] Got 1 sessions for ...
2026-06-01 12:46:27.463 [info] Getting sessions for all scopes...
2026-06-01 12:46:27.463 [info] Got 1 sessions for ...
2026-06-01 12:47:27.721 [info] Getting sessions for all scopes...
2026-06-01 12:47:27.722 [info] Got 1 sessions for ...
2026-06-01 12:47:27.722 [info] Getting sessions for all scopes...
2026-06-01 12:47:27.722 [info] Got 1 sessions for ...
2026-06-01 12:48:19.868 [info] Getting sessions for all scopes...
2026-06-01 12:48:19.868 [info] Got 1 sessions for ...
2026-06-01 12:48:19.869 [info] Getting sessions for all scopes...
2026-06-01 12:48:19.869 [info] Got 1 sessions for ...
2026-06-01 12:49:29.143 [info] Getting sessions for all scopes...
2026-06-01 12:49:29.144 [info] Got 1 sessions for ...
2026-06-01 12:49:29.145 [info] Getting sessions for all scopes...
2026-06-01 12:49:29.145 [info] Got 1 sessions for ...
2026-06-01 12:49:52.305 [info] Getting sessions for all scopes...
2026-06-01 12:49:52.306 [info] Got 1 sessions for ...
2026-06-01 12:49:52.306 [info] Getting sessions for all scopes...
2026-06-01 12:49:52.306 [info] Got 1 sessions for ...
2026-06-01 12:50:40.155 [info] Getting sessions for all scopes...
2026-06-01 12:50:40.155 [info] Got 1 sessions for ...
2026-06-01 12:50:40.156 [info] Getting sessions for all scopes...
2026-06-01 12:50:40.156 [info] Got 1 sessions for ...
2026-06-01 12:51:09.486 [info] Getting sessions for all scopes...
2026-06-01 12:51:09.486 [info] Got 1 sessions for ...
2026-06-01 12:51:09.487 [info] Getting sessions for all scopes...
2026-06-01 12:51:09.487 [info] Got 1 sessions for ...
2026-06-01 12:51:10.578 [info] Getting sessions for all scopes...
2026-06-01 12:51:10.578 [info] Got 1 sessions for ...
2026-06-01 12:51:10.579 [info] Getting sessions for all scopes...
2026-06-01 12:51:10.580 [info] Got 1 sessions for ...
2026-06-01 12:53:34.594 [info] Getting sessions for all scopes...
2026-06-01 12:53:34.595 [info] Got 1 sessions for ...
2026-06-01 12:53:34.595 [info] Getting sessions for all scopes...
2026-06-01 12:53:34.595 [info] Got 1 sessions for ...
2026-06-01 12:54:00.962 [info] Getting sessions for all scopes...
2026-06-01 12:54:00.962 [info] Got 1 sessions for ...
2026-06-01 12:54:00.964 [info] Getting sessions for all scopes...
2026-06-01 12:54:00.964 [info] Got 1 sessions for ...
2026-06-01 12:54:23.973 [info] Getting sessions for all scopes...
2026-06-01 12:54:23.973 [info] Got 1 sessions for ...
2026-06-01 12:54:23.973 [info] Getting sessions for all scopes...
2026-06-01 12:54:23.973 [info] Got 1 sessions for ...
2026-06-01 12:55:14.747 [info] Getting sessions for all scopes...
2026-06-01 12:55:14.747 [info] Got 1 sessions for ...
2026-06-01 12:55:14.773 [info] Getting sessions for all scopes...
2026-06-01 12:55:14.773 [info] Got 1 sessions for ...
2026-06-01 12:55:51.656 [info] Getting sessions for all scopes...
2026-06-01 12:55:51.656 [info] Got 1 sessions for ...
2026-06-01 12:55:51.657 [info] Getting sessions for all scopes...
2026-06-01 12:55:51.657 [info] Got 1 sessions for ...
2026-06-01 12:55:58.207 [info] Getting sessions for all scopes...
2026-06-01 12:55:58.207 [info] Got 1 sessions for ...
2026-06-01 12:55:58.208 [info] Getting sessions for all scopes...
2026-06-01 12:55:58.208 [info] Got 1 sessions for ...
2026-06-01 12:56:20.078 [info] Getting sessions for all scopes...
2026-06-01 12:56:20.078 [info] Got 1 sessions for ...
2026-06-01 12:56:20.078 [info] Getting sessions for all scopes...
2026-06-01 12:56:20.078 [info] Got 1 sessions for ...
2026-06-01 13:00:32.597 [info] Getting sessions for all scopes...
2026-06-01 13:00:32.597 [info] Got 1 sessions for ...
2026-06-01 13:00:32.598 [info] Getting sessions for all scopes...
2026-06-01 13:00:32.598 [info] Got 1 sessions for ...
2026-06-01 13:00:39.812 [info] Getting sessions for all scopes...
2026-06-01 13:00:39.812 [info] Got 1 sessions for ...
2026-06-01 13:00:39.813 [info] Getting sessions for all scopes...
2026-06-01 13:00:39.813 [info] Got 1 sessions for ...
2026-06-01 13:01:28.761 [info] Getting sessions for all scopes...
2026-06-01 13:01:28.761 [info] Got 1 sessions for ...
2026-06-01 13:01:28.762 [info] Getting sessions for all scopes...
2026-06-01 13:01:28.762 [info] Got 1 sessions for ...
2026-06-01 13:01:50.660 [info] Getting sessions for all scopes...
2026-06-01 13:01:50.660 [info] Got 1 sessions for ...
2026-06-01 13:01:50.661 [info] Getting sessions for all scopes...
2026-06-01 13:01:50.661 [info] Got 1 sessions for ...
2026-06-01 13:02:56.843 [info] Getting sessions for all scopes...
2026-06-01 13:02:56.843 [info] Got 1 sessions for ...
2026-06-01 13:02:56.844 [info] Getting sessions for all scopes...
2026-06-01 13:02:56.844 [info] Got 1 sessions for ...
2026-06-01 13:04:21.857 [info] Getting sessions for all scopes...
2026-06-01 13:04:21.857 [info] Got 1 sessions for ...
2026-06-01 13:04:21.858 [info] Getting sessions for all scopes...
2026-06-01 13:04:21.858 [info] Got 1 sessions for ...
2026-06-01 13:08:07.844 [info] Getting sessions for all scopes...
2026-06-01 13:08:07.844 [info] Got 1 sessions for ...
2026-06-01 13:08:07.845 [info] Getting sessions for all scopes...
2026-06-01 13:08:07.845 [info] Got 1 sessions for ...
2026-06-01 13:09:34.947 [info] Getting sessions for all scopes...
2026-06-01 13:09:34.947 [info] Got 1 sessions for ...
2026-06-01 13:09:34.950 [info] Getting sessions for all scopes...
2026-06-01 13:09:34.950 [info] Got 1 sessions for ...
2026-06-01 13:09:39.959 [info] Getting sessions for all scopes...
2026-06-01 13:09:39.959 [info] Got 1 sessions for ...
2026-06-01 13:09:39.960 [info] Getting sessions for all scopes...
2026-06-01 13:09:39.968 [info] Got 1 sessions for ...
2026-06-01 13:10:40.325 [info] Getting sessions for all scopes...
2026-06-01 13:10:40.325 [info] Got 1 sessions for ...
2026-06-01 13:10:40.328 [info] Getting sessions for all scopes...
2026-06-01 13:10:40.328 [info] Got 1 sessions for ...
2026-06-01 13:14:32.367 [info] Getting sessions for all scopes...
2026-06-01 13:14:32.367 [info] Got 1 sessions for ...
2026-06-01 13:14:32.368 [info] Getting sessions for all scopes...
2026-06-01 13:14:32.368 [info] Got 1 sessions for ...
2026-06-01 13:15:50.076 [info] Getting sessions for all scopes...
2026-06-01 13:15:50.077 [info] Got 1 sessions for ...
2026-06-01 13:15:50.077 [info] Getting sessions for all scopes...
2026-06-01 13:15:50.077 [info] Got 1 sessions for ...
2026-06-01 13:18:46.891 [info] Getting sessions for all scopes...
2026-06-01 13:18:46.891 [info] Got 1 sessions for ...
2026-06-01 13:18:46.892 [info] Getting sessions for all scopes...
2026-06-01 13:18:46.892 [info] Got 1 sessions for ...
2026-06-01 13:18:54.921 [info] Getting sessions for all scopes...
2026-06-01 13:18:54.921 [info] Got 1 sessions for ...
2026-06-01 13:18:54.922 [info] Getting sessions for all scopes...
2026-06-01 13:18:54.922 [info] Got 1 sessions for ...
2026-06-01 13:18:55.746 [info] Getting sessions for all scopes...
2026-06-01 13:18:55.746 [info] Got 1 sessions for ...
2026-06-01 13:18:55.747 [info] Getting sessions for all scopes...
2026-06-01 13:18:55.747 [info] Got 1 sessions for ...
2026-06-01 13:19:03.472 [info] Reading sessions from keychain...
2026-06-01 13:19:03.472 [info] Getting sessions for all scopes...
2026-06-01 13:19:03.472 [info] Got stored sessions!
2026-06-01 13:19:03.472 [info] Got 1 verified sessions.
2026-06-01 13:19:03.472 [info] Got 1 sessions for ...
2026-06-01 13:19:03.472 [info] Getting sessions for all scopes...
2026-06-01 13:19:03.472 [info] Got 1 sessions for ...
2026-06-01 13:19:03.472 [info] Getting sessions for all scopes...
2026-06-01 13:19:03.472 [info] Got 1 sessions for ...
2026-06-01 13:19:03.472 [info] Getting sessions for all scopes...
2026-06-01 13:19:03.472 [info] Got 1 sessions for ...
2026-06-01 13:19:03.499 [info] Getting sessions for all scopes...
2026-06-01 13:19:03.500 [info] Got 1 sessions for ...
2026-06-01 13:19:05.204 [info] Getting sessions for all scopes...
2026-06-01 13:19:05.204 [info] Got 1 sessions for ...
2026-06-01 13:19:06.127 [info] FetcherService: Node fetch failed with status: 429 Too Many Requests
2026-06-01 13:19:06.131 [info] Unable to resolve optional EDU details. Status: 429 Too Many Requests
2026-06-01 13:25:46.298 [info] Getting sessions for all scopes...
2026-06-01 13:25:46.298 [info] Got 1 sessions for ...
2026-06-01 13:25:46.299 [info] Getting sessions for all scopes...
2026-06-01 13:25:46.299 [info] Got 1 sessions for ...
2026-06-01 13:25:47.149 [info] Getting sessions for all scopes...
2026-06-01 13:25:47.149 [info] Got 1 sessions for ...
2026-06-01 13:25:47.150 [info] Getting sessions for all scopes...
2026-06-01 13:25:47.150 [info] Got 1 sessions for ...
2026-06-01 13:30:08.228 [info] Getting sessions for all scopes...
2026-06-01 13:30:08.228 [info] Got 1 sessions for ...
2026-06-01 13:30:08.229 [info] Getting sessions for all scopes...
2026-06-01 13:30:08.229 [info] Got 1 sessions for ...
2026-06-01 13:38:10.209 [info] Getting sessions for all scopes...
2026-06-01 13:38:10.209 [info] Got 1 sessions for ...
2026-06-01 13:38:10.210 [info] Getting sessions for all scopes...
2026-06-01 13:38:10.210 [info] Got 1 sessions for ...
2026-06-01 13:44:20.941 [info] Getting sessions for all scopes...
2026-06-01 13:44:20.941 [info] Got 1 sessions for ...
2026-06-01 13:44:20.942 [info] Getting sessions for all scopes...
2026-06-01 13:44:20.942 [info] Got 1 sessions for ...
