2026-05-31 21:52:15.073 [info] Reading sessions from keychain...
2026-05-31 21:52:15.073 [info] Getting sessions for all scopes...
2026-05-31 21:52:15.073 [info] Got stored sessions!
2026-05-31 21:52:15.073 [info] Got 1 verified sessions.
2026-05-31 21:52:15.073 [info] Got 1 sessions for ...
2026-05-31 21:52:15.073 [info] Getting sessions for all scopes...
2026-05-31 21:52:15.073 [info] Got 1 sessions for ...
2026-05-31 21:52:15.073 [info] Getting sessions for all scopes...
2026-05-31 21:52:15.073 [info] Got 1 sessions for ...
2026-05-31 21:52:15.076 [info] Getting sessions for all scopes...
2026-05-31 21:52:15.076 [info] Got 1 sessions for ...
2026-05-31 21:52:15.149 [info] Getting sessions for all scopes...
2026-05-31 21:52:15.149 [info] Got 1 sessions for ...
2026-05-31 21:52:16.765 [info] Getting sessions for all scopes...
2026-05-31 21:52:16.765 [info] Got 1 sessions for ...
2026-05-31 21:52:17.015 [info] FetcherService: Node fetch failed with status: 429 Too Many Requests
2026-05-31 21:52:17.017 [info] Unable to resolve optional EDU details. Status: 429 Too Many Requests
2026-05-31 21:52:17.995 [info] Getting sessions for all scopes...
2026-05-31 21:52:17.995 [info] Got 1 sessions for ...
2026-05-31 21:52:17.996 [info] Getting sessions for all scopes...
2026-05-31 21:52:17.996 [info] Got 1 sessions for ...
